<?xml version="1.0" encoding="UTF-8"?>
<!-- Generated by org.testng.reporters.JUnitXMLReporter -->
<testsuite ignored="0" hostname="DESKTOP-NP5PALL" failures="2" tests="2" name="Chrome" time="15.617" errors="0" timestamp="2022-10-30T10:16:58 CET">
  <testcase classname="org.selenium.pom.tests.MyFirstTestCase" name="guestCheckoutUsingDirectBankTransfer" time="11.372">
    <failure type="org.openqa.selenium.TimeoutException" message="Expected condition failed: waiting for invisibility of all elements [[[ChromeDriver: chrome on WINDOWS (214fd6903fecc6fc01e87d1b60a366c7)] -&amp;gt; css selector: .blockUI.blockOverlay], [[ChromeDriver: chrome on WINDOWS (214fd6903fecc6fc01e87d1b60a366c7)] -&amp;gt; css selector: .blockUI.blockOverlay]] (tried for 5 second(s) with 500 milliseconds interval)">
      <![CDATA[org.openqa.selenium.TimeoutException: Expected condition failed: waiting for invisibility of all elements [[[ChromeDriver: chrome on WINDOWS (214fd6903fecc6fc01e87d1b60a366c7)] -> css selector: .blockUI.blockOverlay], [[ChromeDriver: chrome on WINDOWS (214fd6903fecc6fc01e87d1b60a366c7)] -> css selector: .blockUI.blockOverlay]] (tried for 5 second(s) with 500 milliseconds interval)
at org.openqa.selenium.support.ui.WebDriverWait.timeoutException(WebDriverWait.java:87)
at org.openqa.selenium.support.ui.FluentWait.until(FluentWait.java:231)
at org.selenium.pom.base.BasePage.waitForOverlaysToDisappear(BasePage.java:29)
at org.selenium.pom.pages.CheckoutPage.placeOrder(CheckoutPage.java:114)
at org.selenium.pom.tests.MyFirstTestCase.guestCheckoutUsingDirectBankTransfer(MyFirstTestCase.java:43)
at java.base/java.util.concurrent.ThreadPoolExecutor.runWorker(ThreadPoolExecutor.java:1136)
at java.base/java.util.concurrent.ThreadPoolExecutor$Worker.run(ThreadPoolExecutor.java:635)
at java.base/java.lang.Thread.run(Thread.java:833)
Caused by: org.openqa.selenium.NoSuchWindowException: no such window: target window already closed
from unknown error: web view not found
  (Session info: chrome=106.0.5249.121)
Build info: version: '4.5.3', revision: '4b786a1e430'
System info: os.name: 'Windows 10', os.arch: 'amd64', os.version: '10.0', java.version: '17.0.1'
Driver info: org.openqa.selenium.chrome.ChromeDriver
Command: [214fd6903fecc6fc01e87d1b60a366c7, isElementDisplayed {id=60dd52f9-eed0-4af5-9384-918be38a54e5}]
Capabilities {acceptInsecureCerts: false, browserName: chrome, browserVersion: 106.0.5249.121, chrome: {chromedriverVersion: 106.0.5249.61 (511755355844..., userDataDir: C:\Users\membr\AppData\Loca...}, goog:chromeOptions: {debuggerAddress: localhost:54671}, networkConnectionEnabled: false, pageLoadStrategy: normal, platformName: WINDOWS, proxy: Proxy(), se:cdp: ws://localhost:54671/devtoo..., se:cdpVersion: 106.0.5249.121, setWindowRect: true, strictFileInteractability: false, timeouts: {implicit: 0, pageLoad: 300000, script: 30000}, unhandledPromptBehavior: dismiss and notify, webauthn:extension:credBlob: true, webauthn:extension:largeBlob: true, webauthn:virtualAuthenticators: true}
Element: [[ChromeDriver: chrome on WINDOWS (214fd6903fecc6fc01e87d1b60a366c7)] -> css selector: .blockUI.blockOverlay]
Session ID: 214fd6903fecc6fc01e87d1b60a366c7
at org.openqa.selenium.remote.codec.w3c.W3CHttpResponseCodec.createException(W3CHttpResponseCodec.java:200)
at org.openqa.selenium.remote.codec.w3c.W3CHttpResponseCodec.decode(W3CHttpResponseCodec.java:133)
at org.openqa.selenium.remote.codec.w3c.W3CHttpResponseCodec.decode(W3CHttpResponseCodec.java:53)
at org.openqa.selenium.remote.HttpCommandExecutor.execute(HttpCommandExecutor.java:184)
at org.openqa.selenium.remote.service.DriverCommandExecutor.invokeExecute(DriverCommandExecutor.java:167)
at org.openqa.selenium.remote.service.DriverCommandExecutor.execute(DriverCommandExecutor.java:142)
at org.openqa.selenium.remote.RemoteWebDriver.execute(RemoteWebDriver.java:541)
at org.openqa.selenium.remote.RemoteWebElement.execute(RemoteWebElement.java:257)
at org.openqa.selenium.remote.RemoteWebElement.isDisplayed(RemoteWebElement.java:313)
at org.openqa.selenium.support.ui.ExpectedConditions.isInvisible(ExpectedConditions.java:1389)
at org.openqa.selenium.support.ui.ExpectedConditions.access$200(ExpectedConditions.java:40)
at org.openqa.selenium.support.ui.ExpectedConditions$47.lambda$apply$0(ExpectedConditions.java:1356)
at java.base/java.util.stream.MatchOps$1MatchSink.accept(MatchOps.java:90)
at java.base/java.util.ArrayList$ArrayListSpliterator.tryAdvance(ArrayList.java:1602)
at java.base/java.util.stream.ReferencePipeline.forEachWithCancel(ReferencePipeline.java:129)
at java.base/java.util.stream.AbstractPipeline.copyIntoWithCancel(AbstractPipeline.java:527)
at java.base/java.util.stream.AbstractPipeline.copyInto(AbstractPipeline.java:513)
at java.base/java.util.stream.AbstractPipeline.wrapAndCopyInto(AbstractPipeline.java:499)
at java.base/java.util.stream.MatchOps$MatchOp.evaluateSequential(MatchOps.java:230)
at java.base/java.util.stream.MatchOps$MatchOp.evaluateSequential(MatchOps.java:196)
at java.base/java.util.stream.AbstractPipeline.evaluate(AbstractPipeline.java:234)
at java.base/java.util.stream.ReferencePipeline.allMatch(ReferencePipeline.java:637)
at org.openqa.selenium.support.ui.ExpectedConditions$47.apply(ExpectedConditions.java:1356)
at org.openqa.selenium.support.ui.ExpectedConditions$47.apply(ExpectedConditions.java:1352)
at org.openqa.selenium.support.ui.FluentWait.until(FluentWait.java:208)
... 18 more
... Removed 17 stack frames]]>
    </failure>
  </testcase> <!-- guestCheckoutUsingDirectBankTransfer -->
  <testcase classname="org.selenium.pom.tests.MyFirstTestCase" name="loginAndCheckoutUsingDirectBankTransfer" time="12.976">
    <failure type="org.openqa.selenium.TimeoutException" message="Expected condition failed: waiting for invisibility of all elements [[[ChromeDriver: chrome on WINDOWS (a5f463ccedc447b59f06f33dff932fcf)] -&amp;gt; css selector: .blockUI.blockOverlay], [[ChromeDriver: chrome on WINDOWS (a5f463ccedc447b59f06f33dff932fcf)] -&amp;gt; css selector: .blockUI.blockOverlay]] (tried for 5 second(s) with 500 milliseconds interval)">
      <![CDATA[org.openqa.selenium.TimeoutException: Expected condition failed: waiting for invisibility of all elements [[[ChromeDriver: chrome on WINDOWS (a5f463ccedc447b59f06f33dff932fcf)] -> css selector: .blockUI.blockOverlay], [[ChromeDriver: chrome on WINDOWS (a5f463ccedc447b59f06f33dff932fcf)] -> css selector: .blockUI.blockOverlay]] (tried for 5 second(s) with 500 milliseconds interval)
at org.openqa.selenium.support.ui.WebDriverWait.timeoutException(WebDriverWait.java:87)
at org.openqa.selenium.support.ui.FluentWait.until(FluentWait.java:231)
at org.selenium.pom.base.BasePage.waitForOverlaysToDisappear(BasePage.java:29)
at org.selenium.pom.pages.CheckoutPage.placeOrder(CheckoutPage.java:114)
at org.selenium.pom.tests.MyFirstTestCase.loginAndCheckoutUsingDirectBankTransfer(MyFirstTestCase.java:71)
at java.base/java.util.concurrent.ThreadPoolExecutor.runWorker(ThreadPoolExecutor.java:1136)
at java.base/java.util.concurrent.ThreadPoolExecutor$Worker.run(ThreadPoolExecutor.java:635)
at java.base/java.lang.Thread.run(Thread.java:833)
Caused by: org.openqa.selenium.NoSuchWindowException: no such window: target window already closed
from unknown error: web view not found
  (Session info: chrome=106.0.5249.121)
Build info: version: '4.5.3', revision: '4b786a1e430'
System info: os.name: 'Windows 10', os.arch: 'amd64', os.version: '10.0', java.version: '17.0.1'
Driver info: org.openqa.selenium.chrome.ChromeDriver
Command: [a5f463ccedc447b59f06f33dff932fcf, isElementDisplayed {id=9aa520d9-c223-40b5-b05b-8676f117d226}]
Capabilities {acceptInsecureCerts: false, browserName: chrome, browserVersion: 106.0.5249.121, chrome: {chromedriverVersion: 106.0.5249.61 (511755355844..., userDataDir: C:\Users\membr\AppData\Loca...}, goog:chromeOptions: {debuggerAddress: localhost:54672}, networkConnectionEnabled: false, pageLoadStrategy: normal, platformName: WINDOWS, proxy: Proxy(), se:cdp: ws://localhost:54672/devtoo..., se:cdpVersion: 106.0.5249.121, setWindowRect: true, strictFileInteractability: false, timeouts: {implicit: 0, pageLoad: 300000, script: 30000}, unhandledPromptBehavior: dismiss and notify, webauthn:extension:credBlob: true, webauthn:extension:largeBlob: true, webauthn:virtualAuthenticators: true}
Element: [[ChromeDriver: chrome on WINDOWS (a5f463ccedc447b59f06f33dff932fcf)] -> css selector: .blockUI.blockOverlay]
Session ID: a5f463ccedc447b59f06f33dff932fcf
at org.openqa.selenium.remote.codec.w3c.W3CHttpResponseCodec.createException(W3CHttpResponseCodec.java:200)
at org.openqa.selenium.remote.codec.w3c.W3CHttpResponseCodec.decode(W3CHttpResponseCodec.java:133)
at org.openqa.selenium.remote.codec.w3c.W3CHttpResponseCodec.decode(W3CHttpResponseCodec.java:53)
at org.openqa.selenium.remote.HttpCommandExecutor.execute(HttpCommandExecutor.java:184)
at org.openqa.selenium.remote.service.DriverCommandExecutor.invokeExecute(DriverCommandExecutor.java:167)
at org.openqa.selenium.remote.service.DriverCommandExecutor.execute(DriverCommandExecutor.java:142)
at org.openqa.selenium.remote.RemoteWebDriver.execute(RemoteWebDriver.java:541)
at org.openqa.selenium.remote.RemoteWebElement.execute(RemoteWebElement.java:257)
at org.openqa.selenium.remote.RemoteWebElement.isDisplayed(RemoteWebElement.java:313)
at org.openqa.selenium.support.ui.ExpectedConditions.isInvisible(ExpectedConditions.java:1389)
at org.openqa.selenium.support.ui.ExpectedConditions.access$200(ExpectedConditions.java:40)
at org.openqa.selenium.support.ui.ExpectedConditions$47.lambda$apply$0(ExpectedConditions.java:1356)
at java.base/java.util.stream.MatchOps$1MatchSink.accept(MatchOps.java:90)
at java.base/java.util.ArrayList$ArrayListSpliterator.tryAdvance(ArrayList.java:1602)
at java.base/java.util.stream.ReferencePipeline.forEachWithCancel(ReferencePipeline.java:129)
at java.base/java.util.stream.AbstractPipeline.copyIntoWithCancel(AbstractPipeline.java:527)
at java.base/java.util.stream.AbstractPipeline.copyInto(AbstractPipeline.java:513)
at java.base/java.util.stream.AbstractPipeline.wrapAndCopyInto(AbstractPipeline.java:499)
at java.base/java.util.stream.MatchOps$MatchOp.evaluateSequential(MatchOps.java:230)
at java.base/java.util.stream.MatchOps$MatchOp.evaluateSequential(MatchOps.java:196)
at java.base/java.util.stream.AbstractPipeline.evaluate(AbstractPipeline.java:234)
at java.base/java.util.stream.ReferencePipeline.allMatch(ReferencePipeline.java:637)
at org.openqa.selenium.support.ui.ExpectedConditions$47.apply(ExpectedConditions.java:1356)
at org.openqa.selenium.support.ui.ExpectedConditions$47.apply(ExpectedConditions.java:1352)
at org.openqa.selenium.support.ui.FluentWait.until(FluentWait.java:208)
... 18 more
... Removed 16 stack frames]]>
    </failure>
  </testcase> <!-- loginAndCheckoutUsingDirectBankTransfer -->
</testsuite> <!-- Chrome -->
